<?xml version="1.0" encoding="UTF-8"?>
<!-- Generated by org.testng.reporters.JUnitXMLReporter -->
<testsuite ignored="0" hostname="LAPTOP-LGIT245Q" failures="0" tests="7" name="Surefire test" time="0.056" errors="0" timestamp="2025-01-12T01:17:21 IST">
  <testcase classname="day1.LoanCarTest" name="cartest1" time="0.005"/>
  <testcase classname="day1.LoanCarTest" name="cartest5" time="0.001"/>
  <testcase classname="day1.LoanHouseTest" name="loanest1" time="0.0"/>
  <testcase classname="day2.CollageTest" name="collagetest1" time="0.0"/>
  <testcase classname="day2.CollageTest" name="collagetest2" time="0.001"/>
  <testcase classname="day2.CollageTest" name="collagetest3" time="0.0"/>
  <testcase classname="day2.SchoolTest" name="schooltest1" time="0.002"/>
</testsuite> <!-- Surefire test -->
