<?xml version="1.0" encoding="UTF-8"?>
<!-- Generated by org.testng.reporters.JUnitXMLReporter -->
<testsuite ignored="0" hostname="LAPTOP-LGIT245Q" failures="0" tests="5" name="Default test" time="0.101" errors="0" timestamp="2025-01-12T00:04:42 IST">
  <testcase classname="day1.LoanCarTest" name="cartest1" time="0.027"/>
  <testcase classname="day1.LoanCarTest" name="cartest2" time="0.003"/>
  <testcase classname="day1.LoanCarTest" name="cartest3" time="0.002"/>
  <testcase classname="day1.LoanCarTest" name="cartest4" time="0.002"/>
  <testcase classname="day1.LoanCarTest" name="cartest5" time="0.001"/>
</testsuite> <!-- Default test -->
