<?xml version="1.0" encoding="UTF-8"?>
<testng-results ignored="0" total="7" passed="7" failed="0" skipped="0">
  <reporter-output>
  </reporter-output>
  <suite started-at="2025-01-12T01:40:55 IST" name="Surefire suite" finished-at="2025-01-12T01:40:55 IST" duration-ms="83">
    <groups>
    </groups>
    <test started-at="2025-01-12T01:40:55 IST" name="Surefire test" finished-at="2025-01-12T01:40:55 IST" duration-ms="83">
      <class name="day2.SchoolTest">
        <test-method signature="schooltest1()[pri:0, instance:day2.SchoolTest@1d2adfbe]" started-at="2025-01-12T01:40:55 IST" name="schooltest1" finished-at="2025-01-12T01:40:55 IST" duration-ms="0" status="PASS">
          <reporter-output>
          </reporter-output>
        </test-method> <!-- schooltest1 -->
      </class> <!-- day2.SchoolTest -->
      <class name="day2.CollageTest">
        <test-method signature="collagetest1()[pri:0, instance:day2.CollageTest@49ec71f8]" started-at="2025-01-12T01:40:55 IST" name="collagetest1" finished-at="2025-01-12T01:40:55 IST" duration-ms="0" status="PASS">
          <reporter-output>
          </reporter-output>
        </test-method> <!-- collagetest1 -->
        <test-method signature="collagetest2()[pri:0, instance:day2.CollageTest@49ec71f8]" started-at="2025-01-12T01:40:55 IST" name="collagetest2" finished-at="2025-01-12T01:40:55 IST" duration-ms="0" status="PASS">
          <reporter-output>
          </reporter-output>
        </test-method> <!-- collagetest2 -->
        <test-method signature="collagetest3()[pri:0, instance:day2.CollageTest@49ec71f8]" started-at="2025-01-12T01:40:55 IST" name="collagetest3" finished-at="2025-01-12T01:40:55 IST" duration-ms="1" status="PASS">
          <reporter-output>
          </reporter-output>
        </test-method> <!-- collagetest3 -->
      </class> <!-- day2.CollageTest -->
      <class name="day1.LoanCarTest">
        <test-method signature="cartest1()[pri:0, instance:day1.LoanCarTest@478190fc]" started-at="2025-01-12T01:40:55 IST" name="cartest1" finished-at="2025-01-12T01:40:55 IST" duration-ms="17" status="PASS">
          <reporter-output>
          </reporter-output>
        </test-method> <!-- cartest1 -->
        <test-method signature="cartest5()[pri:0, instance:day1.LoanCarTest@478190fc]" started-at="2025-01-12T01:40:55 IST" name="cartest5" finished-at="2025-01-12T01:40:55 IST" duration-ms="0" status="PASS">
          <reporter-output>
          </reporter-output>
        </test-method> <!-- cartest5 -->
      </class> <!-- day1.LoanCarTest -->
      <class name="day1.LoanHouseTest">
        <test-method signature="loanest1()[pri:0, instance:day1.LoanHouseTest@16d04d3d]" started-at="2025-01-12T01:40:55 IST" name="loanest1" finished-at="2025-01-12T01:40:55 IST" duration-ms="0" status="PASS">
          <reporter-output>
          </reporter-output>
        </test-method> <!-- loanest1 -->
      </class> <!-- day1.LoanHouseTest -->
    </test> <!-- Surefire test -->
  </suite> <!-- Surefire suite -->
</testng-results>
