<?xml version="1.0" encoding="UTF-8"?>
<testsuite xmlns:xsi="http://www.w3.org/2001/XMLSchema-instance" xsi:noNamespaceSchemaLocation="https://maven.apache.org/surefire/maven-surefire-plugin/xsd/surefire-test-report.xsd" version="3.0.2" name="TestSuite" time="0.581" tests="7" errors="0" skipped="0" failures="0">
  <properties>
[...]
</properties>
  <testcase name="cartest1" classname="day1.LoanCarTest" time="0.009">
    <system-out><![CDATA[car test 1
]]></system-out>
  </testcase>
  <testcase name="cartest5" classname="day1.LoanCarTest" time="0.001">
    <system-out><![CDATA[car test 1
]]></system-out>
  </testcase>
  <testcase name="loanest1" classname="day1.LoanHouseTest" time="0.001">
    <system-out><![CDATA[loan test 1
]]></system-out>
  </testcase>
  <testcase name="collagetest1" classname="day2.CollageTest" time="0.001">
    <system-out><![CDATA[collage test 1
]]></system-out>
  </testcase>
  <testcase name="collagetest2" classname="day2.CollageTest" time="0.002">
    <system-out><![CDATA[collage test 1
]]></system-out>
  </testcase>
  <testcase name="collagetest3" classname="day2.CollageTest" time="0.001">
    <system-out><![CDATA[collage test 1
]]></system-out>
  </testcase>
  <testcase name="schooltest1" classname="day2.SchoolTest" time="0.001">
    <system-out><![CDATA[school test 1
]]></system-out>
  </testcase>
</testsuite>