<?xml version="1.0" encoding="UTF-8"?>
<testng-results ignored="0" total="5" passed="5" failed="0" skipped="0">
  <reporter-output>
  </reporter-output>
  <suite started-at="2025-01-12T00:04:42 IST" name="Default suite" finished-at="2025-01-12T00:04:42 IST" duration-ms="101">
    <groups>
    </groups>
    <test started-at="2025-01-12T00:04:42 IST" name="Default test" finished-at="2025-01-12T00:04:42 IST" duration-ms="101">
      <class name="day1.LoanCarTest">
        <test-method signature="cartest1()[pri:0, instance:day1.LoanCarTest@291b4bf5]" started-at="2025-01-12T00:04:42 IST" name="cartest1" finished-at="2025-01-12T00:04:42 IST" duration-ms="27" status="PASS">
          <reporter-output>
          </reporter-output>
        </test-method> <!-- cartest1 -->
        <test-method signature="cartest2()[pri:0, instance:day1.LoanCarTest@291b4bf5]" started-at="2025-01-12T00:04:42 IST" name="cartest2" finished-at="2025-01-12T00:04:42 IST" duration-ms="3" status="PASS">
          <reporter-output>
          </reporter-output>
        </test-method> <!-- cartest2 -->
        <test-method signature="cartest3()[pri:0, instance:day1.LoanCarTest@291b4bf5]" started-at="2025-01-12T00:04:42 IST" name="cartest3" finished-at="2025-01-12T00:04:42 IST" duration-ms="2" status="PASS">
          <reporter-output>
          </reporter-output>
        </test-method> <!-- cartest3 -->
        <test-method signature="cartest4()[pri:0, instance:day1.LoanCarTest@291b4bf5]" started-at="2025-01-12T00:04:42 IST" name="cartest4" finished-at="2025-01-12T00:04:42 IST" duration-ms="2" status="PASS">
          <reporter-output>
          </reporter-output>
        </test-method> <!-- cartest4 -->
        <test-method signature="cartest5()[pri:0, instance:day1.LoanCarTest@291b4bf5]" started-at="2025-01-12T00:04:42 IST" name="cartest5" finished-at="2025-01-12T00:04:42 IST" duration-ms="1" status="PASS">
          <reporter-output>
          </reporter-output>
        </test-method> <!-- cartest5 -->
      </class> <!-- day1.LoanCarTest -->
    </test> <!-- Default test -->
  </suite> <!-- Default suite -->
</testng-results>
